2026-03-12 19:58:41,094 [INFO] === Phase 3 gestartet ===
2026-03-12 19:58:41,137 [INFO] CSS kopiert von C:\Users\oezdemir\Desktop\Projekt\assets\style.css nach C:\Users\oezdemir\Desktop\Projekt\export\style\style.css
2026-03-12 19:58:43,409 [INFO] Abkürzungs-Mapping gebaut: 8 Einträge
2026-03-12 19:58:43,418 [INFO] pdf_slide_001.html erzeugt | Elemente: 5
2026-03-12 19:58:43,424 [INFO] pdf_slide_002.html erzeugt | Elemente: 7
2026-03-12 19:58:43,429 [INFO] pdf_slide_003.html erzeugt | Elemente: 3
2026-03-12 19:58:43,436 [INFO] pdf_slide_004.html erzeugt | Elemente: 6
2026-03-12 19:58:43,441 [INFO] pdf_slide_005.html erzeugt | Elemente: 6
2026-03-12 19:58:43,447 [INFO] pdf_slide_006.html erzeugt | Elemente: 4
2026-03-12 19:58:43,452 [INFO] pdf_slide_007.html erzeugt | Elemente: 10
2026-03-12 19:58:43,457 [INFO] pdf_slide_008.html erzeugt | Elemente: 3
2026-03-12 19:58:43,464 [INFO] pdf_slide_009.html erzeugt | Elemente: 14
2026-03-12 19:58:43,471 [INFO] pdf_slide_010.html erzeugt | Elemente: 6
2026-03-12 19:58:43,477 [INFO] pdf_slide_011.html erzeugt | Elemente: 8
2026-03-12 19:58:43,483 [INFO] pdf_slide_012.html erzeugt | Elemente: 6
2026-03-12 19:58:43,488 [INFO] pdf_slide_013.html erzeugt | Elemente: 6
2026-03-12 19:58:43,493 [INFO] pdf_slide_014.html erzeugt | Elemente: 9
2026-03-12 19:58:43,500 [INFO] pdf_slide_015.html erzeugt | Elemente: 6
2026-03-12 19:58:43,505 [INFO] pdf_slide_016.html erzeugt | Elemente: 6
2026-03-12 19:58:43,510 [INFO] pdf_slide_017.html erzeugt | Elemente: 2
2026-03-12 19:58:43,517 [INFO] pdf_slide_018.html erzeugt | Elemente: 10
2026-03-12 19:58:43,523 [INFO] pdf_slide_019.html erzeugt | Elemente: 9
2026-03-12 19:58:43,528 [INFO] pdf_slide_020.html erzeugt | Elemente: 9
2026-03-12 19:58:43,534 [INFO] pdf_slide_021.html erzeugt | Elemente: 6
2026-03-12 19:58:43,539 [INFO] pdf_slide_022.html erzeugt | Elemente: 10
2026-03-12 19:58:43,546 [INFO] pdf_slide_023.html erzeugt | Elemente: 8
2026-03-12 19:58:43,553 [INFO] pdf_slide_024.html erzeugt | Elemente: 9
2026-03-12 19:58:43,559 [INFO] pdf_slide_025.html erzeugt | Elemente: 10
2026-03-12 19:58:43,564 [INFO] pdf_slide_026.html erzeugt | Elemente: 2
2026-03-12 19:58:43,569 [INFO] pdf_slide_027.html erzeugt | Elemente: 7
2026-03-12 19:58:43,575 [INFO] pdf_slide_028.html erzeugt | Elemente: 10
2026-03-12 19:58:43,582 [INFO] pdf_slide_029.html erzeugt | Elemente: 8
2026-03-12 19:58:43,587 [INFO] pdf_slide_030.html erzeugt | Elemente: 7
2026-03-12 19:58:43,593 [INFO] pdf_slide_031.html erzeugt | Elemente: 7
2026-03-12 19:58:43,599 [INFO] pdf_slide_032.html erzeugt | Elemente: 6
2026-03-12 19:58:43,604 [INFO] pdf_slide_033.html erzeugt | Elemente: 6
2026-03-12 19:58:43,609 [INFO] pdf_slide_034.html erzeugt | Elemente: 8
2026-03-12 19:58:43,616 [INFO] pdf_slide_035.html erzeugt | Elemente: 10
2026-03-12 19:58:43,623 [INFO] pdf_slide_036.html erzeugt | Elemente: 10
2026-03-12 19:58:43,629 [INFO] pdf_slide_037.html erzeugt | Elemente: 10
2026-03-12 19:58:43,633 [INFO] pdf_slide_038.html erzeugt | Elemente: 3
2026-03-12 19:58:43,639 [INFO] pdf_slide_039.html erzeugt | Elemente: 10
2026-03-12 19:58:43,646 [INFO] pdf_slide_040.html erzeugt | Elemente: 8
2026-03-12 19:58:43,652 [INFO] pdf_slide_041.html erzeugt | Elemente: 7
2026-03-12 19:58:43,658 [INFO] pdf_slide_042.html erzeugt | Elemente: 9
2026-03-12 19:58:43,663 [INFO] pdf_slide_043.html erzeugt | Elemente: 1
2026-03-12 19:58:43,669 [INFO] pdf_slide_044.html erzeugt | Elemente: 8
2026-03-12 19:58:43,675 [INFO] pdf_slide_045.html erzeugt | Elemente: 9
2026-03-12 19:58:43,682 [INFO] pdf_slide_046.html erzeugt | Elemente: 9
2026-03-12 19:58:43,688 [INFO] pdf_slide_047.html erzeugt | Elemente: 9
2026-03-12 19:58:43,694 [INFO] pdf_slide_048.html erzeugt | Elemente: 7
2026-03-12 19:58:43,700 [INFO] pdf_slide_049.html erzeugt | Elemente: 3
2026-03-12 19:58:43,705 [INFO] pdf_slide_050.html erzeugt | Elemente: 1
2026-03-12 19:58:43,710 [INFO] pptx_slide_001.html erzeugt | Elemente: 3
2026-03-12 19:58:43,716 [INFO] pptx_slide_002.html erzeugt | Elemente: 2
2026-03-12 19:58:43,721 [INFO] pptx_slide_003.html erzeugt | Elemente: 2
2026-03-12 19:58:43,727 [INFO] pptx_slide_004.html erzeugt | Elemente: 3
2026-03-12 19:58:43,734 [INFO] pptx_slide_005.html erzeugt | Elemente: 3
2026-03-12 19:58:43,740 [INFO] pptx_slide_006.html erzeugt | Elemente: 3
2026-03-12 19:58:43,747 [INFO] pptx_slide_007.html erzeugt | Elemente: 2
2026-03-12 19:58:43,754 [INFO] pptx_slide_008.html erzeugt | Elemente: 2
2026-03-12 19:58:43,759 [INFO] pptx_slide_009.html erzeugt | Elemente: 2
2026-03-12 19:58:43,765 [INFO] pptx_slide_010.html erzeugt | Elemente: 2
2026-03-12 19:58:43,770 [INFO] pptx_slide_011.html erzeugt | Elemente: 2
2026-03-12 19:58:43,775 [INFO] pptx_slide_012.html erzeugt | Elemente: 3
2026-03-12 19:58:43,782 [INFO] pptx_slide_013.html erzeugt | Elemente: 2
2026-03-12 19:58:43,787 [INFO] pptx_slide_014.html erzeugt | Elemente: 3
2026-03-12 19:58:43,792 [INFO] pptx_slide_015.html erzeugt | Elemente: 3
2026-03-12 19:58:43,798 [INFO] pptx_slide_016.html erzeugt | Elemente: 3
2026-03-12 19:58:43,803 [INFO] pptx_slide_017.html erzeugt | Elemente: 2
2026-03-12 19:58:43,808 [INFO] pptx_slide_018.html erzeugt | Elemente: 4
2026-03-12 19:58:43,813 [INFO] pptx_slide_019.html erzeugt | Elemente: 3
2026-03-12 19:58:43,819 [INFO] pptx_slide_020.html erzeugt | Elemente: 3
2026-03-12 19:58:43,824 [INFO] pptx_slide_021.html erzeugt | Elemente: 3
2026-03-12 19:58:43,828 [INFO] pptx_slide_022.html erzeugt | Elemente: 2
2026-03-12 19:58:43,834 [INFO] pptx_slide_023.html erzeugt | Elemente: 3
2026-03-12 19:58:43,839 [INFO] pptx_slide_024.html erzeugt | Elemente: 3
2026-03-12 19:58:43,845 [INFO] pptx_slide_025.html erzeugt | Elemente: 2
2026-03-12 19:58:43,852 [INFO] pptx_slide_026.html erzeugt | Elemente: 2
2026-03-12 19:58:43,857 [INFO] pptx_slide_027.html erzeugt | Elemente: 2
2026-03-12 19:58:43,863 [INFO] pptx_slide_028.html erzeugt | Elemente: 2
2026-03-12 19:58:43,869 [INFO] pptx_slide_029.html erzeugt | Elemente: 2
2026-03-12 19:58:43,875 [INFO] pptx_slide_030.html erzeugt | Elemente: 2
2026-03-12 19:58:43,881 [INFO] pptx_slide_031.html erzeugt | Elemente: 2
2026-03-12 19:58:43,887 [INFO] pptx_slide_032.html erzeugt | Elemente: 2
2026-03-12 19:58:43,891 [INFO] pptx_slide_033.html erzeugt | Elemente: 2
2026-03-12 19:58:43,898 [INFO] pptx_slide_034.html erzeugt | Elemente: 2
2026-03-12 19:58:43,904 [INFO] pptx_slide_035.html erzeugt | Elemente: 2
2026-03-12 19:58:43,910 [INFO] pptx_slide_036.html erzeugt | Elemente: 2
2026-03-12 19:58:43,916 [INFO] pptx_slide_037.html erzeugt | Elemente: 2
2026-03-12 19:58:43,922 [INFO] pptx_slide_038.html erzeugt | Elemente: 3
2026-03-12 19:58:43,927 [INFO] pptx_slide_039.html erzeugt | Elemente: 2
2026-03-12 19:58:43,933 [INFO] pptx_slide_040.html erzeugt | Elemente: 3
2026-03-12 19:58:43,939 [INFO] pptx_slide_041.html erzeugt | Elemente: 2
2026-03-12 19:58:43,945 [INFO] pptx_slide_042.html erzeugt | Elemente: 2
2026-03-12 19:58:43,950 [INFO] pptx_slide_043.html erzeugt | Elemente: 2
2026-03-12 19:58:43,956 [INFO] pptx_slide_044.html erzeugt | Elemente: 2
2026-03-12 19:58:43,960 [INFO] pptx_slide_045.html erzeugt | Elemente: 2
2026-03-12 19:58:43,966 [INFO] pptx_slide_046.html erzeugt | Elemente: 2
2026-03-12 19:58:43,971 [INFO] pptx_slide_047.html erzeugt | Elemente: 3
2026-03-12 19:58:43,976 [INFO] pptx_slide_048.html erzeugt | Elemente: 3
2026-03-12 19:58:43,982 [INFO] pptx_slide_049.html erzeugt | Elemente: 2
2026-03-12 19:58:43,990 [INFO] pptx_slide_050.html erzeugt | Elemente: 3
2026-03-12 19:58:44,033 [INFO] Cloze-Quiz generiert mit 100 Fragen.
2026-03-12 19:58:44,075 [INFO] Glossar generiert mit 97 Begriffen.
2026-03-12 19:58:44,079 [INFO] map.json nach Audit kopiert: C:\Users\oezdemir\Desktop\Projekt\audit\map.json
2026-03-12 19:58:55,032 [INFO] Run-Audit geschrieben: C:/Users/oezdemir/Desktop/Projekt/audit/run_2026_03_12_195844.json | Dateien: 155
2026-03-12 19:58:55,033 [INFO] === Phase 3 abgeschlossen ===
