INFO | 2026-03-12 19:49:44,069 | Phase 2 startet: Lade lokale Modelle...
INFO | 2026-03-12 19:49:44,070 | Projektpfad: C:\Users\oezdemir\Desktop\Projekt
INFO | 2026-03-12 19:49:44,070 | Input-JSONs aus: C:\Users\oezdemir\Desktop\Projekt\data\processed
INFO | 2026-03-12 19:49:44,070 | Assets-Verzeichnis: C:\Users\oezdemir\Desktop\Projekt\export\assets
INFO | 2026-03-12 19:49:44,070 | Logs nach: C:\Users\oezdemir\Desktop\Projekt\data\raw\logs
INFO | 2026-03-12 19:49:44,073 | Use pytorch device_name: cpu
INFO | 2026-03-12 19:49:44,073 | Load pretrained SentenceTransformer: paraphrase-multilingual-MiniLM-L12-v2
INFO | 2026-03-12 19:49:59,161 | T5 Summarizer geladen: t5-small
INFO | 2026-03-12 19:49:59,161 | Modelle geladen
INFO | 2026-03-12 19:49:59,163 | Analysiere 100 Slide-JSONs aus C:\Users\oezdemir\Desktop\Projekt\data\processed.
INFO | 2026-03-12 19:49:59,710 | Phase 2 Semantik geschrieben: pdf_slide_001.json
INFO | 2026-03-12 19:50:06,778 | Phase 2 Semantik geschrieben: pdf_slide_002.json
INFO | 2026-03-12 19:50:07,258 | Phase 2 Semantik geschrieben: pdf_slide_003.json
INFO | 2026-03-12 19:50:11,682 | Phase 2 Semantik geschrieben: pdf_slide_004.json
INFO | 2026-03-12 19:50:17,522 | Phase 2 Semantik geschrieben: pdf_slide_005.json
INFO | 2026-03-12 19:50:17,653 | Phase 2 Semantik geschrieben: pdf_slide_006.json
INFO | 2026-03-12 19:50:22,220 | Phase 2 Semantik geschrieben: pdf_slide_007.json
INFO | 2026-03-12 19:50:22,475 | Phase 2 Semantik geschrieben: pdf_slide_008.json
INFO | 2026-03-12 19:50:29,088 | Phase 2 Semantik geschrieben: pdf_slide_009.json
INFO | 2026-03-12 19:50:33,713 | Phase 2 Semantik geschrieben: pdf_slide_010.json
INFO | 2026-03-12 19:50:39,342 | Phase 2 Semantik geschrieben: pdf_slide_011.json
INFO | 2026-03-12 19:50:43,355 | Phase 2 Semantik geschrieben: pdf_slide_012.json
INFO | 2026-03-12 19:50:47,889 | Phase 2 Semantik geschrieben: pdf_slide_013.json
INFO | 2026-03-12 19:50:52,295 | Phase 2 Semantik geschrieben: pdf_slide_014.json
INFO | 2026-03-12 19:50:57,750 | Phase 2 Semantik geschrieben: pdf_slide_015.json
INFO | 2026-03-12 19:51:03,646 | Phase 2 Semantik geschrieben: pdf_slide_016.json
INFO | 2026-03-12 19:51:03,918 | Phase 2 Semantik geschrieben: pdf_slide_017.json
INFO | 2026-03-12 19:51:08,833 | Phase 2 Semantik geschrieben: pdf_slide_018.json
INFO | 2026-03-12 19:51:12,524 | Phase 2 Semantik geschrieben: pdf_slide_019.json
INFO | 2026-03-12 19:51:12,687 | Phase 2 Semantik geschrieben: pdf_slide_020.json
INFO | 2026-03-12 19:51:16,593 | Phase 2 Semantik geschrieben: pdf_slide_021.json
INFO | 2026-03-12 19:51:16,972 | Phase 2 Semantik geschrieben: pdf_slide_022.json
INFO | 2026-03-12 19:51:20,175 | Phase 2 Semantik geschrieben: pdf_slide_023.json
INFO | 2026-03-12 19:51:26,733 | Phase 2 Semantik geschrieben: pdf_slide_024.json
INFO | 2026-03-12 19:51:31,312 | Phase 2 Semantik geschrieben: pdf_slide_025.json
INFO | 2026-03-12 19:51:31,596 | Phase 2 Semantik geschrieben: pdf_slide_026.json
INFO | 2026-03-12 19:51:37,245 | Phase 2 Semantik geschrieben: pdf_slide_027.json
INFO | 2026-03-12 19:51:42,763 | Phase 2 Semantik geschrieben: pdf_slide_028.json
INFO | 2026-03-12 19:51:46,034 | Phase 2 Semantik geschrieben: pdf_slide_029.json
INFO | 2026-03-12 19:51:50,533 | Phase 2 Semantik geschrieben: pdf_slide_030.json
INFO | 2026-03-12 19:51:56,544 | Phase 2 Semantik geschrieben: pdf_slide_031.json
INFO | 2026-03-12 19:52:00,335 | Phase 2 Semantik geschrieben: pdf_slide_032.json
INFO | 2026-03-12 19:52:03,869 | Phase 2 Semantik geschrieben: pdf_slide_033.json
INFO | 2026-03-12 19:52:07,480 | Phase 2 Semantik geschrieben: pdf_slide_034.json
INFO | 2026-03-12 19:52:12,238 | Phase 2 Semantik geschrieben: pdf_slide_035.json
INFO | 2026-03-12 19:52:19,365 | Phase 2 Semantik geschrieben: pdf_slide_036.json
INFO | 2026-03-12 19:52:26,232 | Phase 2 Semantik geschrieben: pdf_slide_037.json
INFO | 2026-03-12 19:52:26,500 | Phase 2 Semantik geschrieben: pdf_slide_038.json
INFO | 2026-03-12 19:52:32,044 | Phase 2 Semantik geschrieben: pdf_slide_039.json
INFO | 2026-03-12 19:52:37,948 | Phase 2 Semantik geschrieben: pdf_slide_040.json
INFO | 2026-03-12 19:52:42,506 | Phase 2 Semantik geschrieben: pdf_slide_041.json
INFO | 2026-03-12 19:52:45,248 | Phase 2 Semantik geschrieben: pdf_slide_042.json
INFO | 2026-03-12 19:52:45,500 | Phase 2 Semantik geschrieben: pdf_slide_043.json
INFO | 2026-03-12 19:52:49,145 | Phase 2 Semantik geschrieben: pdf_slide_044.json
INFO | 2026-03-12 19:52:54,790 | Phase 2 Semantik geschrieben: pdf_slide_045.json
INFO | 2026-03-12 19:52:58,999 | Phase 2 Semantik geschrieben: pdf_slide_046.json
INFO | 2026-03-12 19:53:03,656 | Phase 2 Semantik geschrieben: pdf_slide_047.json
INFO | 2026-03-12 19:53:11,035 | Phase 2 Semantik geschrieben: pdf_slide_048.json
INFO | 2026-03-12 19:53:11,215 | Phase 2 Semantik geschrieben: pdf_slide_049.json
INFO | 2026-03-12 19:53:11,447 | Phase 2 Semantik geschrieben: pdf_slide_050.json
INFO | 2026-03-12 19:53:11,706 | Phase 2 Semantik geschrieben: pptx_slide_001.json
INFO | 2026-03-12 19:53:18,764 | Phase 2 Semantik geschrieben: pptx_slide_002.json
INFO | 2026-03-12 19:53:18,919 | Phase 2 Semantik geschrieben: pptx_slide_003.json
INFO | 2026-03-12 19:53:25,527 | Phase 2 Semantik geschrieben: pptx_slide_004.json
INFO | 2026-03-12 19:53:30,592 | Phase 2 Semantik geschrieben: pptx_slide_005.json
INFO | 2026-03-12 19:53:39,053 | Phase 2 Semantik geschrieben: pptx_slide_006.json
INFO | 2026-03-12 19:53:39,400 | Phase 2 Semantik geschrieben: pptx_slide_007.json
INFO | 2026-03-12 19:53:39,678 | Phase 2 Semantik geschrieben: pptx_slide_008.json
INFO | 2026-03-12 19:53:46,669 | Phase 2 Semantik geschrieben: pptx_slide_009.json
INFO | 2026-03-12 19:53:46,798 | Phase 2 Semantik geschrieben: pptx_slide_010.json
INFO | 2026-03-12 19:53:54,146 | Phase 2 Semantik geschrieben: pptx_slide_011.json
INFO | 2026-03-12 19:54:00,276 | Phase 2 Semantik geschrieben: pptx_slide_012.json
INFO | 2026-03-12 19:54:06,345 | Phase 2 Semantik geschrieben: pptx_slide_013.json
INFO | 2026-03-12 19:54:11,494 | Phase 2 Semantik geschrieben: pptx_slide_014.json
INFO | 2026-03-12 19:54:16,699 | Phase 2 Semantik geschrieben: pptx_slide_015.json
INFO | 2026-03-12 19:54:21,796 | Phase 2 Semantik geschrieben: pptx_slide_016.json
INFO | 2026-03-12 19:54:29,113 | Phase 2 Semantik geschrieben: pptx_slide_017.json
INFO | 2026-03-12 19:54:29,247 | Phase 2 Semantik geschrieben: pptx_slide_018.json
INFO | 2026-03-12 19:54:33,742 | Phase 2 Semantik geschrieben: pptx_slide_019.json
INFO | 2026-03-12 19:54:38,630 | Phase 2 Semantik geschrieben: pptx_slide_020.json
INFO | 2026-03-12 19:54:43,802 | Phase 2 Semantik geschrieben: pptx_slide_021.json
INFO | 2026-03-12 19:54:43,920 | Phase 2 Semantik geschrieben: pptx_slide_022.json
INFO | 2026-03-12 19:54:49,914 | Phase 2 Semantik geschrieben: pptx_slide_023.json
INFO | 2026-03-12 19:54:56,525 | Phase 2 Semantik geschrieben: pptx_slide_024.json
INFO | 2026-03-12 19:55:03,344 | Phase 2 Semantik geschrieben: pptx_slide_025.json
INFO | 2026-03-12 19:55:09,675 | Phase 2 Semantik geschrieben: pptx_slide_026.json
INFO | 2026-03-12 19:55:13,996 | Phase 2 Semantik geschrieben: pptx_slide_027.json
INFO | 2026-03-12 19:55:21,404 | Phase 2 Semantik geschrieben: pptx_slide_028.json
INFO | 2026-03-12 19:55:25,528 | Phase 2 Semantik geschrieben: pptx_slide_029.json
INFO | 2026-03-12 19:55:32,166 | Phase 2 Semantik geschrieben: pptx_slide_030.json
INFO | 2026-03-12 19:55:37,714 | Phase 2 Semantik geschrieben: pptx_slide_031.json
INFO | 2026-03-12 19:55:45,419 | Phase 2 Semantik geschrieben: pptx_slide_032.json
INFO | 2026-03-12 19:55:45,661 | Phase 2 Semantik geschrieben: pptx_slide_033.json
INFO | 2026-03-12 19:55:52,724 | Phase 2 Semantik geschrieben: pptx_slide_034.json
INFO | 2026-03-12 19:55:58,103 | Phase 2 Semantik geschrieben: pptx_slide_035.json
INFO | 2026-03-12 19:56:04,750 | Phase 2 Semantik geschrieben: pptx_slide_036.json
INFO | 2026-03-12 19:56:09,291 | Phase 2 Semantik geschrieben: pptx_slide_037.json
INFO | 2026-03-12 19:56:18,784 | Phase 2 Semantik geschrieben: pptx_slide_038.json
INFO | 2026-03-12 19:56:27,570 | Phase 2 Semantik geschrieben: pptx_slide_039.json
INFO | 2026-03-12 19:56:35,111 | Phase 2 Semantik geschrieben: pptx_slide_040.json
INFO | 2026-03-12 19:56:45,568 | Phase 2 Semantik geschrieben: pptx_slide_041.json
INFO | 2026-03-12 19:56:49,493 | Phase 2 Semantik geschrieben: pptx_slide_042.json
INFO | 2026-03-12 19:56:54,476 | Phase 2 Semantik geschrieben: pptx_slide_043.json
INFO | 2026-03-12 19:57:01,572 | Phase 2 Semantik geschrieben: pptx_slide_044.json
INFO | 2026-03-12 19:57:01,815 | Phase 2 Semantik geschrieben: pptx_slide_045.json
INFO | 2026-03-12 19:57:08,180 | Phase 2 Semantik geschrieben: pptx_slide_046.json
INFO | 2026-03-12 19:57:15,969 | Phase 2 Semantik geschrieben: pptx_slide_047.json
INFO | 2026-03-12 19:57:26,176 | Phase 2 Semantik geschrieben: pptx_slide_048.json
INFO | 2026-03-12 19:57:38,269 | Phase 2 Semantik geschrieben: pptx_slide_049.json
INFO | 2026-03-12 19:57:42,138 | Phase 2 Semantik geschrieben: pptx_slide_050.json
INFO | 2026-03-12 19:57:48,409 | Phase 2 fertig in 469.25s.
